2019-10-05T07:42:30+00:00 CRITICAL Maximum execution time of 30 seconds exceeded in C:\xampp\htdocs\merch\wp-includes\Requests\Transport\cURL.php on line 463

2019-10-05T08:44:02+00:00 CRITICAL Uncaught Error: Call to a member function get_rating_count() on string in C:\xampp\htdocs\merch\wp-content\themes\davinciwoo\woocommerce\single-product\rating.php:28
Stack trace:
#0 C:\xampp\htdocs\merch\wp-content\plugins\woocommerce\includes\wc-core-functions.php(249): include()
#1 C:\xampp\htdocs\merch\wp-content\plugins\woocommerce\includes\wc-template-functions.php(1515): wc_get_template('single-product/...')
#2 C:\xampp\htdocs\merch\wp-content\themes\davinciwoo\include\admin\options\shop\options-shop-product-page.php(490): woocommerce_template_single_rating()
#3 C:\xampp\htdocs\merch\wp-includes\customize\class-wp-customize-partial.php(203): {closure}(Object(WP_Customize_Partial), Array)
#4 C:\xampp\htdocs\merch\wp-includes\customize\class-wp-customize-selective-refresh.php(387): WP_Customize_Partial->render(Array)
#5 C:\xampp\htdocs\merch\wp-includes\class-wp-hook.php(286): WP_Customize_Selective_Refresh->handle_render_partials_request('')
#6 C:\xampp\htdocs\merch\wp-includes\class-wp-hook.php(310): WP in C:\xampp\htdocs\merch\wp-content\themes\davinciwoo\woocommerce\single-product\rating.php on line 28

2019-10-05T08:44:03+00:00 CRITICAL Uncaught Error: Call to a member function get_rating_count() on string in C:\xampp\htdocs\merch\wp-content\themes\davinciwoo\woocommerce\single-product\rating.php:28
Stack trace:
#0 C:\xampp\htdocs\merch\wp-content\plugins\woocommerce\includes\wc-core-functions.php(249): include()
#1 C:\xampp\htdocs\merch\wp-content\plugins\woocommerce\includes\wc-template-functions.php(1515): wc_get_template('single-product/...')
#2 C:\xampp\htdocs\merch\wp-content\themes\davinciwoo\include\admin\options\shop\options-shop-product-page.php(490): woocommerce_template_single_rating()
#3 C:\xampp\htdocs\merch\wp-includes\customize\class-wp-customize-partial.php(203): {closure}(Object(WP_Customize_Partial), Array)
#4 C:\xampp\htdocs\merch\wp-includes\customize\class-wp-customize-selective-refresh.php(387): WP_Customize_Partial->render(Array)
#5 C:\xampp\htdocs\merch\wp-includes\class-wp-hook.php(286): WP_Customize_Selective_Refresh->handle_render_partials_request('')
#6 C:\xampp\htdocs\merch\wp-includes\class-wp-hook.php(310): WP in C:\xampp\htdocs\merch\wp-content\themes\davinciwoo\woocommerce\single-product\rating.php on line 28

2019-10-05T08:46:20+00:00 CRITICAL Uncaught Error: Call to a member function get_sku() on string in C:\xampp\htdocs\merch\wp-content\themes\davinciwoo\woocommerce\single-product\meta.php:31
Stack trace:
#0 C:\xampp\htdocs\merch\wp-content\plugins\woocommerce\includes\wc-core-functions.php(249): include()
#1 C:\xampp\htdocs\merch\wp-content\plugins\woocommerce\includes\wc-template-functions.php(1543): wc_get_template('single-product/...')
#2 C:\xampp\htdocs\merch\wp-content\themes\davinciwoo\include\admin\options\shop\options-shop-product-page.php(504): woocommerce_template_single_meta()
#3 C:\xampp\htdocs\merch\wp-includes\customize\class-wp-customize-partial.php(203): {closure}(Object(WP_Customize_Partial), Array)
#4 C:\xampp\htdocs\merch\wp-includes\customize\class-wp-customize-selective-refresh.php(387): WP_Customize_Partial->render(Array)
#5 C:\xampp\htdocs\merch\wp-includes\class-wp-hook.php(286): WP_Customize_Selective_Refresh->handle_render_partials_request('')
#6 C:\xampp\htdocs\merch\wp-includes\class-wp-hook.php(310): WP_Hook->apply_ in C:\xampp\htdocs\merch\wp-content\themes\davinciwoo\woocommerce\single-product\meta.php on line 31

2019-10-05T08:46:27+00:00 CRITICAL Uncaught Error: Call to a member function get_sku() on string in C:\xampp\htdocs\merch\wp-content\themes\davinciwoo\woocommerce\single-product\meta.php:31
Stack trace:
#0 C:\xampp\htdocs\merch\wp-content\plugins\woocommerce\includes\wc-core-functions.php(249): include()
#1 C:\xampp\htdocs\merch\wp-content\plugins\woocommerce\includes\wc-template-functions.php(1543): wc_get_template('single-product/...')
#2 C:\xampp\htdocs\merch\wp-content\themes\davinciwoo\include\admin\options\shop\options-shop-product-page.php(504): woocommerce_template_single_meta()
#3 C:\xampp\htdocs\merch\wp-includes\customize\class-wp-customize-partial.php(203): {closure}(Object(WP_Customize_Partial), Array)
#4 C:\xampp\htdocs\merch\wp-includes\customize\class-wp-customize-selective-refresh.php(387): WP_Customize_Partial->render(Array)
#5 C:\xampp\htdocs\merch\wp-includes\class-wp-hook.php(286): WP_Customize_Selective_Refresh->handle_render_partials_request('')
#6 C:\xampp\htdocs\merch\wp-includes\class-wp-hook.php(310): WP_Hook->apply_ in C:\xampp\htdocs\merch\wp-content\themes\davinciwoo\woocommerce\single-product\meta.php on line 31

2019-10-05T08:46:54+00:00 CRITICAL Uncaught Error: Call to a member function has_attributes() on string in C:\xampp\htdocs\merch\wp-content\plugins\woocommerce\includes\wc-template-functions.php:1744
Stack trace:
#0 C:\xampp\htdocs\merch\wp-includes\class-wp-hook.php(286): woocommerce_default_product_tabs(Array)
#1 C:\xampp\htdocs\merch\wp-includes\plugin.php(208): WP_Hook->apply_filters(Array, Array)
#2 C:\xampp\htdocs\merch\wp-content\themes\davinciwoo\woocommerce\single-product\tabs\tabs.php(29): apply_filters('woocommerce_pro...', Array)
#3 C:\xampp\htdocs\merch\wp-content\plugins\woocommerce\includes\wc-core-functions.php(249): include('C:\\xampp\\htdocs...')
#4 C:\xampp\htdocs\merch\wp-content\plugins\woocommerce\includes\wc-template-functions.php(1496): wc_get_template('single-product/...')
#5 C:\xampp\htdocs\merch\wp-content\themes\davinciwoo\include\admin\options\shop\options-shop-product-page.php(530): woocommerce_output_product_data_tabs()
#6 C:\xampp\htdocs\merch\wp-includes\customize\class-wp-customize-partial.php(203): {closure}( in C:\xampp\htdocs\merch\wp-content\plugins\woocommerce\includes\wc-template-functions.php on line 1744

2019-10-05T11:11:47+00:00 CRITICAL Uncaught Error: Call to a member function get_description() on null in C:\xampp\htdocs\merch\wp-content\themes\davinciwoo\include\woocommerce\structure-wc-product-page.php:61
Stack trace:
#0 C:\xampp\htdocs\merch\wp-includes\class-wp-hook.php(286): adswth_product_tabs(Array)
#1 C:\xampp\htdocs\merch\wp-includes\plugin.php(208): WP_Hook->apply_filters(Array, Array)
#2 C:\xampp\htdocs\merch\wp-content\themes\davinciwoo\woocommerce\single-product\tabs\tabs.php(29): apply_filters('woocommerce_pro...', Array)
#3 C:\xampp\htdocs\merch\wp-content\plugins\woocommerce\includes\wc-core-functions.php(249): include('C:\\xampp\\htdocs...')
#4 C:\xampp\htdocs\merch\wp-content\plugins\woocommerce\includes\wc-template-functions.php(1496): wc_get_template('single-product/...')
#5 C:\xampp\htdocs\merch\wp-content\themes\davinciwoo\include\admin\options\shop\options-shop-product-page.php(530): woocommerce_output_product_data_tabs()
#6 C:\xampp\htdocs\merch\wp-includes\customize\class-wp-customize-partial.php(203): {closure}(Obj in C:\xampp\htdocs\merch\wp-content\themes\davinciwoo\include\woocommerce\structure-wc-product-page.php on line 61

